Determining if the pthread_create exist failed with the following output:
Change Dir: /media/zhutianyi/KESU/project/catkin_clocs/build/CMakeFiles/CMakeTmp

Run Build Command:"/usr/bin/make" "cmTC_cd327/fast"
/usr/bin/make -f CMakeFiles/cmTC_cd327.dir/build.make CMakeFiles/cmTC_cd327.dir/build
make[1]: 进入目录“/media/zhutianyi/KESU/project/catkin_clocs/build/CMakeFiles/CMakeTmp”
Building C object CMakeFiles/cmTC_cd327.dir/CheckSymbolExists.c.o
/usr/bin/cc    -o CMakeFiles/cmTC_cd327.dir/CheckSymbolExists.c.o   -c /media/zhutianyi/KESU/project/catkin_clocs/build/CMakeFiles/CMakeTmp/CheckSymbolExists.c
Linking C executable cmTC_cd327
/usr/bin/cmake -E cmake_link_script CMakeFiles/cmTC_cd327.dir/link.txt --verbose=1
/usr/bin/cc      -rdynamic CMakeFiles/cmTC_cd327.dir/CheckSymbolExists.c.o  -o cmTC_cd327 
CMakeFiles/cmTC_cd327.dir/CheckSymbolExists.c.o：在函数‘main’中：
CheckSymbolExists.c:(.text+0x1b)：对‘pthread_create’未定义的引用
collect2: error: ld returned 1 exit status
CMakeFiles/cmTC_cd327.dir/build.make:97: recipe for target 'cmTC_cd327' failed
make[1]: *** [cmTC_cd327] Error 1
make[1]: 离开目录“/media/zhutianyi/KESU/project/catkin_clocs/build/CMakeFiles/CMakeTmp”
Makefile:126: recipe for target 'cmTC_cd327/fast' failed
make: *** [cmTC_cd327/fast] Error 2

File /media/zhutianyi/KESU/project/catkin_clocs/build/CMakeFiles/CMakeTmp/CheckSymbolExists.c:
/* */
#include <pthread.h>

int main(int argc, char** argv)
{
  (void)argv;
#ifndef pthread_create
  return ((int*)(&pthread_create))[argc];
#else
  (void)argc;
  return 0;
#endif
}

Determining if the function pthread_create exists in the pthreads failed with the following output:
Change Dir: /media/zhutianyi/KESU/project/catkin_clocs/build/CMakeFiles/CMakeTmp

Run Build Command:"/usr/bin/make" "cmTC_43de2/fast"
/usr/bin/make -f CMakeFiles/cmTC_43de2.dir/build.make CMakeFiles/cmTC_43de2.dir/build
make[1]: 进入目录“/media/zhutianyi/KESU/project/catkin_clocs/build/CMakeFiles/CMakeTmp”
Building C object CMakeFiles/cmTC_43de2.dir/CheckFunctionExists.c.o
/usr/bin/cc   -DCHECK_FUNCTION_EXISTS=pthread_create   -o CMakeFiles/cmTC_43de2.dir/CheckFunctionExists.c.o   -c /usr/share/cmake-3.10/Modules/CheckFunctionExists.c
Linking C executable cmTC_43de2
/usr/bin/cmake -E cmake_link_script CMakeFiles/cmTC_43de2.dir/link.txt --verbose=1
/usr/bin/cc  -DCHECK_FUNCTION_EXISTS=pthread_create    -rdynamic CMakeFiles/cmTC_43de2.dir/CheckFunctionExists.c.o  -o cmTC_43de2 -lpthreads 
/usr/bin/ld: 找不到 -lpthreads
collect2: error: ld returned 1 exit status
CMakeFiles/cmTC_43de2.dir/build.make:97: recipe for target 'cmTC_43de2' failed
make[1]: *** [cmTC_43de2] Error 1
make[1]: 离开目录“/media/zhutianyi/KESU/project/catkin_clocs/build/CMakeFiles/CMakeTmp”
Makefile:126: recipe for target 'cmTC_43de2/fast' failed
make: *** [cmTC_43de2/fast] Error 2


